<?xml version="1.0" encoding="UTF-8"?>
<!-- Generated by org.testng.reporters.JUnitXMLReporter -->
<testsuite ignored="0" hostname="BDC7-L-332CY82" failures="0" tests="5" name="Test" time="122.241" errors="0" timestamp="2024-02-13T23:08:29 IST">
  <testcase classname="testCases.TC_03_LoginDataDrivenTest" name="DataDrivenLogin" time="4.953"/>
  <testcase classname="testCases.TC_03_LoginDataDrivenTest" name="DataDrivenLogin" time="23.33"/>
  <testcase classname="testCases.TC_03_LoginDataDrivenTest" name="DataDrivenLogin" time="23.281"/>
  <testcase classname="testCases.TC_03_LoginDataDrivenTest" name="DataDrivenLogin" time="24.923"/>
  <testcase classname="testCases.TC_03_LoginDataDrivenTest" name="DataDrivenLogin" time="22.534"/>
</testsuite> <!-- Test -->
