<?xml version="1.0" encoding="UTF-8"?>
<!-- Generated by org.testng.reporters.JUnitXMLReporter -->
<testsuite ignored="0" hostname="BDC7-L-332CY82" failures="1" tests="2" name="TestMe" time="43.839" errors="0" timestamp="2024-02-14T17:05:02 IST">
  <testcase classname="testCases.TC_01_AccountRegistration" name="verify_Registration" time="4.37">
    <failure type="java.lang.AssertionError" message="expected [Your Account Has Been Created!!] but found [Your Account Has Been Created!]">
      <![CDATA[java.lang.AssertionError: expected [Your Account Has Been Created!!] but found [Your Account Has Been Created!]
at testCases.TC_01_AccountRegistration.verify_Registration(TC_01_AccountRegistration.java:37)
at java.base/java.util.ArrayList.forEach(ArrayList.java:1596)
... Removed 31 stack frames]]>
    </failure>
  </testcase> <!-- verify_Registration -->
  <testcase classname="testCases.TC_02_LoginTest" name="Login" time="12.445"/>
</testsuite> <!-- TestMe -->
