<?xml version="1.0" encoding="UTF-8"?>
<testng-results ignored="0" total="1" passed="1" failed="0" skipped="0">
  <reporter-output>
  </reporter-output>
  <suite started-at="2024-02-15T17:12:36 IST" name="Suite" finished-at="2024-02-15T17:13:08 IST" duration-ms="31922">
    <groups>
      <group name="sanity">
        <method signature="TC_02_LoginTest.Login()[pri:0, instance:testCases.TC_02_LoginTest@112f364d]" name="Login" class="testCases.TC_02_LoginTest"/>
      </group> <!-- sanity -->
      <group name="master">
        <method signature="TC_02_LoginTest.Login()[pri:0, instance:testCases.TC_02_LoginTest@112f364d]" name="Login" class="testCases.TC_02_LoginTest"/>
      </group> <!-- master -->
    </groups>
    <test started-at="2024-02-15T17:12:36 IST" name="TestMe" finished-at="2024-02-15T17:13:08 IST" duration-ms="31922">
      <class name="testCases.TC_02_LoginTest">
        <test-method is-config="true" signature="setup(java.lang.String,java.lang.String)[pri:0, instance:testCases.TC_02_LoginTest@112f364d]" started-at="2024-02-15T17:12:36 IST" name="setup" finished-at="2024-02-15T17:12:54 IST" duration-ms="17887" status="PASS">
          <params>
            <param index="0">
              <value>
                <![CDATA[Windows]]>
              </value>
            </param>
            <param index="1">
              <value>
                <![CDATA[edge]]>
              </value>
            </param>
          </params>
          <reporter-output>
          </reporter-output>
        </test-method> <!-- setup -->
        <test-method signature="Login()[pri:0, instance:testCases.TC_02_LoginTest@112f364d]" started-at="2024-02-15T17:12:54 IST" name="Login" finished-at="2024-02-15T17:13:08 IST" duration-ms="13508" status="PASS">
          <reporter-output>
          </reporter-output>
        </test-method> <!-- Login -->
        <test-method is-config="true" signature="tearDown()[pri:0, instance:testCases.TC_02_LoginTest@112f364d]" started-at="2024-02-15T17:13:08 IST" name="tearDown" finished-at="2024-02-15T17:13:08 IST" duration-ms="457" status="PASS">
          <reporter-output>
          </reporter-output>
        </test-method> <!-- tearDown -->
      </class> <!-- testCases.TC_02_LoginTest -->
    </test> <!-- TestMe -->
  </suite> <!-- Suite -->
</testng-results>
