<?xml version="1.0" encoding="UTF-8"?>
<testng-results ignored="0" total="1" passed="1" failed="0" skipped="0">
  <reporter-output>
  </reporter-output>
  <suite started-at="2024-02-16T17:17:05 IST" name="Suite" finished-at="2024-02-16T17:18:00 IST" duration-ms="54597">
    <groups>
      <group name="master">
        <method signature="TC_006_EndToEndTest.endToendTest()[pri:0, instance:testCases.TC_006_EndToEndTest@315f43d5]" name="endToendTest" class="testCases.TC_006_EndToEndTest"/>
      </group> <!-- master -->
    </groups>
    <test started-at="2024-02-16T17:17:05 IST" name="Test6" finished-at="2024-02-16T17:18:00 IST" duration-ms="54597">
      <class name="testCases.TC_006_EndToEndTest">
        <test-method is-config="true" signature="setup(java.lang.String,java.lang.String)[pri:0, instance:testCases.TC_006_EndToEndTest@315f43d5]" started-at="2024-02-16T17:17:06 IST" name="setup" finished-at="2024-02-16T17:17:17 IST" duration-ms="11364" status="PASS">
          <params>
            <param index="0">
              <value>
                <![CDATA[Windows]]>
              </value>
            </param>
            <param index="1">
              <value>
                <![CDATA[edge]]>
              </value>
            </param>
          </params>
          <reporter-output>
          </reporter-output>
        </test-method> <!-- setup -->
        <test-method signature="endToendTest()[pri:0, instance:testCases.TC_006_EndToEndTest@315f43d5]" started-at="2024-02-16T17:17:17 IST" name="endToendTest" finished-at="2024-02-16T17:18:00 IST" duration-ms="43055" status="PASS">
          <reporter-output>
          </reporter-output>
        </test-method> <!-- endToendTest -->
      </class> <!-- testCases.TC_006_EndToEndTest -->
    </test> <!-- Test6 -->
  </suite> <!-- Suite -->
</testng-results>
